<?xml version="1.0" encoding="UTF-8"?>
<!-- Generated by org.testng.reporters.JUnitXMLReporter -->
<testsuite ignored="0" hostname="InfinityBook" failures="3" tests="5" name="Login Test(failed)" time="37.102" errors="0" timestamp="2024-05-19T14:01:18 CEST">
  <testcase classname="com.inetBanking.testCases.TC_addCustomerTest_003" name="addNewCustomer" time="2.81"/>
  <testcase classname="com.inetBanking.testCases.TC_LoginDDT_002" name="loginDDT" time="1.303">
    <failure type="java.lang.AssertionError" message="expected [true] but found [false]">
      <![CDATA[java.lang.AssertionError: expected [true] but found [false]
at com.inetBanking.testCases.TC_LoginDDT_002.loginDDT(TC_LoginDDT_002.java:28)
at java.base/java.util.ArrayList.forEach(ArrayList.java:1511)
... Removed 31 stack frames]]>
    </failure>
  </testcase> <!-- loginDDT -->
  <testcase classname="com.inetBanking.testCases.TC_LoginDDT_002" name="loginDDT" time="0.898">
    <failure type="java.lang.AssertionError" message="expected [true] but found [false]">
      <![CDATA[java.lang.AssertionError: expected [true] but found [false]
at com.inetBanking.testCases.TC_LoginDDT_002.loginDDT(TC_LoginDDT_002.java:28)
at java.base/java.util.ArrayList.forEach(ArrayList.java:1511)
... Removed 31 stack frames]]>
    </failure>
  </testcase> <!-- loginDDT -->
  <testcase classname="com.inetBanking.testCases.TC_LoginDDT_002" name="loginDDT" time="0.804">
    <failure type="java.lang.AssertionError" message="expected [true] but found [false]">
      <![CDATA[java.lang.AssertionError: expected [true] but found [false]
at com.inetBanking.testCases.TC_LoginDDT_002.loginDDT(TC_LoginDDT_002.java:28)
at java.base/java.util.ArrayList.forEach(ArrayList.java:1511)
... Removed 31 stack frames]]>
    </failure>
  </testcase> <!-- loginDDT -->
  <testcase classname="com.inetBanking.testCases.TC_LoginTest_001" name="loginTest" time="1.348"/>
</testsuite> <!-- Login Test(failed) -->
